<?xml version="1.0" encoding="UTF-8"?>
<testsuite name="WordPuzzleTest" tests="2" skipped="0" failures="0" errors="0" timestamp="2016-04-22T16:52:18" hostname="epicodus-49.local" time="0.015">
  <properties/>
  <testcase name="WordPuzzle_replacesVowelsWithDashes_StringWithDashesForVowels" classname="WordPuzzleTest" time="0.004"/>
  <testcase name="WordPuzzle_returnsAStringAsIsWhenNoVowelsArePresent_NoChange" classname="WordPuzzleTest" time="0.001"/>
  <system-out><![CDATA[]]></system-out>
  <system-err><![CDATA[]]></system-err>
</testsuite>
