<?xml version="1.0" encoding="UTF-8"?>
<testsuite name="WordPuzzleTest" tests="9" skipped="0" failures="0" errors="0" timestamp="2016-04-22T22:28:44" hostname="epicodus-49.local" time="0.451">
  <properties/>
  <testcase name="submitTest" classname="WordPuzzleTest" time="0.329"/>
  <testcase name="giveHint_replacesASingleDashWithTheCorrectCharacter_OneVowelShows" classname="WordPuzzleTest" time="0.0"/>
  <testcase name="hintTest" classname="WordPuzzleTest" time="0.038"/>
  <testcase name="makePuzzle_replacesVowelsWithDashesCaseInsensitive_StringWithDashesForVowels" classname="WordPuzzleTest" time="0.0"/>
  <testcase name="makePuzzle_returnsAStringAsIsWhenNoVowelsArePresent_NoChange" classname="WordPuzzleTest" time="0.0"/>
  <testcase name="rootTest" classname="WordPuzzleTest" time="0.007"/>
  <testcase name="answerAttempt_comparesUserAnswerWithAnswer_YouAreCorrect" classname="WordPuzzleTest" time="0.001"/>
  <testcase name="answerTest" classname="WordPuzzleTest" time="0.043"/>
  <testcase name="makePuzzle_replacesVowelsWithDashes_StringWithDashesForVowels" classname="WordPuzzleTest" time="0.001"/>
  <system-out><![CDATA[]]></system-out>
  <system-err><![CDATA[[Thread-4] INFO org.eclipse.jetty.util.log - Logging initialized @541ms
[Thread-4] INFO spark.webserver.JettySparkServer - == Spark has ignited ...
[Thread-4] INFO spark.webserver.JettySparkServer - >> Listening on 0.0.0.0:4567
[Thread-4] INFO org.eclipse.jetty.server.Server - jetty-9.3.2.v20150730
[Thread-4] INFO org.eclipse.jetty.server.ServerConnector - Started ServerConnector@11645ec2{HTTP/1.1,[http/1.1]}{0.0.0.0:4567}
[Thread-4] INFO org.eclipse.jetty.server.Server - Started @625ms
[Test worker] INFO spark.webserver.JettySparkServer - >>> Spark shutting down ...
[Test worker] INFO org.eclipse.jetty.server.ServerConnector - Stopped ServerConnector@11645ec2{HTTP/1.1,[http/1.1]}{0.0.0.0:4567}
[Test worker] INFO spark.webserver.JettySparkServer - done
]]></system-err>
</testsuite>
